{"C:\\Users\\Chisom\\Desktop\\replay\\src\\config\\cloudinary_config.js": {"path":"C:\\Users\\Chisom\\Desktop\\replay\\src\\config\\cloudinary_config.js","statementMap":{"0":{"start":{"line":4,"column":0},"end":{"line":4,"column":16}},"1":{"start":{"line":6,"column":0},"end":{"line":10,"column":3}}},"fnMap":{},"branchMap":{},"s":{"0":4,"1":4},"f":{},"b":{},"_coverageSchema":"1a1c01bbd47fc00a2c39e90264f33305004495a9","hash":"9593792cb08c27dd2799ab365d34756af815ee98"}
,"C:\\Users\\Chisom\\Desktop\\replay\\src\\config\\config.js": {"path":"C:\\Users\\Chisom\\Desktop\\replay\\src\\config\\config.js","statementMap":{"0":{"start":{"line":5,"column":0},"end":{"line":5,"column":16}},"1":{"start":{"line":7,"column":12},"end":{"line":7,"column":49}},"2":{"start":{"line":10,"column":17},"end":{"line":29,"column":1}},"3":{"start":{"line":31,"column":18},"end":{"line":41,"column":1}}},"fnMap":{},"branchMap":{"0":{"loc":{"start":{"line":7,"column":12},"end":{"line":7,"column":49}},"type":"binary-expr","locations":[{"start":{"line":7,"column":12},"end":{"line":7,"column":32}},{"start":{"line":7,"column":36},"end":{"line":7,"column":49}}],"line":7},"1":{"loc":{"start":{"line":12,"column":4},"end":{"line":14,"column":35}},"type":"cond-expr","locations":[{"start":{"line":13,"column":8},"end":{"line":13,"column":36}},{"start":{"line":14,"column":8},"end":{"line":14,"column":35}}],"line":12},"2":{"loc":{"start":{"line":16,"column":4},"end":{"line":18,"column":35}},"type":"cond-expr","locations":[{"start":{"line":17,"column":8},"end":{"line":17,"column":36}},{"start":{"line":18,"column":8},"end":{"line":18,"column":35}}],"line":16},"3":{"loc":{"start":{"line":20,"column":4},"end":{"line":22,"column":35}},"type":"cond-expr","locations":[{"start":{"line":21,"column":8},"end":{"line":21,"column":36}},{"start":{"line":22,"column":8},"end":{"line":22,"column":35}}],"line":20},"4":{"loc":{"start":{"line":24,"column":4},"end":{"line":24,"column":77}},"type":"cond-expr","locations":[{"start":{"line":24,"column":27},"end":{"line":24,"column":51}},{"start":{"line":24,"column":54},"end":{"line":24,"column":77}}],"line":24},"5":{"loc":{"start":{"line":26,"column":4},"end":{"line":26,"column":77}},"type":"cond-expr","locations":[{"start":{"line":26,"column":27},"end":{"line":26,"column":51}},{"start":{"line":26,"column":54},"end":{"line":26,"column":77}}],"line":26}},"s":{"0":9,"1":9,"2":9,"3":9},"f":{},"b":{"0":[9,0],"1":[0,9],"2":[0,9],"3":[0,9],"4":[0,9],"5":[0,9]},"_coverageSchema":"1a1c01bbd47fc00a2c39e90264f33305004495a9","hash":"a9319fdcdb4a0128a86ec76dabc252fd4c4cb1d8"}
,"C:\\Users\\Chisom\\Desktop\\replay\\src\\controller\\auth_controller.js": {"path":"C:\\Users\\Chisom\\Desktop\\replay\\src\\controller\\auth_controller.js","statementMap":{"0":{"start":{"line":9,"column":53},"end":{"line":9,"column":61}},"1":{"start":{"line":10,"column":4},"end":{"line":35,"column":5}},"2":{"start":{"line":11,"column":6},"end":{"line":12,"column":72}},"3":{"start":{"line":12,"column":8},"end":{"line":12,"column":72}},"4":{"start":{"line":13,"column":6},"end":{"line":14,"column":70}},"5":{"start":{"line":14,"column":8},"end":{"line":14,"column":70}},"6":{"start":{"line":15,"column":6},"end":{"line":16,"column":75}},"7":{"start":{"line":16,"column":8},"end":{"line":16,"column":75}},"8":{"start":{"line":17,"column":6},"end":{"line":17,"column":78}},"9":{"start":{"line":17,"column":21},"end":{"line":17,"column":78}},"10":{"start":{"line":21,"column":25},"end":{"line":21,"column":65}},"11":{"start":{"line":23,"column":6},"end":{"line":23,"column":78}},"12":{"start":{"line":23,"column":22},"end":{"line":23,"column":78}},"13":{"start":{"line":25,"column":19},"end":{"line":30,"column":7}},"14":{"start":{"line":31,"column":6},"end":{"line":31,"column":45}},"15":{"start":{"line":33,"column":6},"end":{"line":33,"column":25}},"16":{"start":{"line":34,"column":6},"end":{"line":34,"column":25}},"17":{"start":{"line":39,"column":32},"end":{"line":39,"column":40}},"18":{"start":{"line":40,"column":4},"end":{"line":41,"column":72}},"19":{"start":{"line":41,"column":6},"end":{"line":41,"column":72}},"20":{"start":{"line":42,"column":4},"end":{"line":42,"column":77}},"21":{"start":{"line":42,"column":19},"end":{"line":42,"column":77}},"22":{"start":{"line":44,"column":4},"end":{"line":55,"column":5}},"23":{"start":{"line":45,"column":19},"end":{"line":45,"column":59}},"24":{"start":{"line":47,"column":21},"end":{"line":47,"column":54}},"25":{"start":{"line":48,"column":19},"end":{"line":48,"column":59}},"26":{"start":{"line":50,"column":6},"end":{"line":50,"column":63}},"27":{"start":{"line":50,"column":24},"end":{"line":50,"column":63}},"28":{"start":{"line":51,"column":6},"end":{"line":51,"column":69}},"29":{"start":{"line":53,"column":6},"end":{"line":53,"column":25}},"30":{"start":{"line":54,"column":6},"end":{"line":54,"column":25}}},"fnMap":{"0":{"name":"(anonymous_0)","decl":{"start":{"line":8,"column":2},"end":{"line":8,"column":3}},"loc":{"start":{"line":8,"column":38},"end":{"line":36,"column":3}},"line":8},"1":{"name":"(anonymous_1)","decl":{"start":{"line":38,"column":2},"end":{"line":38,"column":3}},"loc":{"start":{"line":38,"column":37},"end":{"line":56,"column":3}},"line":38}},"branchMap":{"0":{"loc":{"start":{"line":11,"column":6},"end":{"line":12,"column":72}},"type":"if","locations":[{"start":{"line":11,"column":6},"end":{"line":12,"column":72}},{"start":{},"end":{}}],"line":11},"1":{"loc":{"start":{"line":13,"column":6},"end":{"line":14,"column":70}},"type":"if","locations":[{"start":{"line":13,"column":6},"end":{"line":14,"column":70}},{"start":{},"end":{}}],"line":13},"2":{"loc":{"start":{"line":15,"column":6},"end":{"line":16,"column":75}},"type":"if","locations":[{"start":{"line":15,"column":6},"end":{"line":16,"column":75}},{"start":{},"end":{}}],"line":15},"3":{"loc":{"start":{"line":17,"column":6},"end":{"line":17,"column":78}},"type":"if","locations":[{"start":{"line":17,"column":6},"end":{"line":17,"column":78}},{"start":{},"end":{}}],"line":17},"4":{"loc":{"start":{"line":23,"column":6},"end":{"line":23,"column":78}},"type":"if","locations":[{"start":{"line":23,"column":6},"end":{"line":23,"column":78}},{"start":{},"end":{}}],"line":23},"5":{"loc":{"start":{"line":40,"column":4},"end":{"line":41,"column":72}},"type":"if","locations":[{"start":{"line":40,"column":4},"end":{"line":41,"column":72}},{"start":{},"end":{}}],"line":40},"6":{"loc":{"start":{"line":42,"column":4},"end":{"line":42,"column":77}},"type":"if","locations":[{"start":{"line":42,"column":4},"end":{"line":42,"column":77}},{"start":{},"end":{}}],"line":42},"7":{"loc":{"start":{"line":47,"column":21},"end":{"line":47,"column":54}},"type":"cond-expr","locations":[{"start":{"line":47,"column":29},"end":{"line":47,"column":38}},{"start":{"line":47,"column":41},"end":{"line":47,"column":54}}],"line":47},"8":{"loc":{"start":{"line":50,"column":6},"end":{"line":50,"column":63}},"type":"if","locations":[{"start":{"line":50,"column":6},"end":{"line":50,"column":63}},{"start":{},"end":{}}],"line":50},"9":{"loc":{"start":{"line":50,"column":10},"end":{"line":50,"column":22}},"type":"binary-expr","locations":[{"start":{"line":50,"column":10},"end":{"line":50,"column":14}},{"start":{"line":50,"column":18},"end":{"line":50,"column":22}}],"line":50}},"s":{"0":6,"1":6,"2":6,"3":1,"4":5,"5":1,"6":4,"7":1,"8":3,"9":1,"10":2,"11":2,"12":1,"13":1,"14":1,"15":0,"16":0,"17":5,"18":5,"19":1,"20":4,"21":1,"22":3,"23":3,"24":3,"25":3,"26":3,"27":1,"28":2,"29":0,"30":0},"f":{"0":6,"1":5},"b":{"0":[1,5],"1":[1,4],"2":[1,3],"3":[1,2],"4":[1,1],"5":[1,4],"6":[1,3],"7":[1,2],"8":[1,2],"9":[3,2]},"_coverageSchema":"1a1c01bbd47fc00a2c39e90264f33305004495a9","hash":"3b71587935f02194dcac8717c37fd0a364da4cd5"}
,"C:\\Users\\Chisom\\Desktop\\replay\\src\\controller\\files_controller.js": {"path":"C:\\Users\\Chisom\\Desktop\\replay\\src\\controller\\files_controller.js","statementMap":{"0":{"start":{"line":8,"column":4},"end":{"line":25,"column":5}},"1":{"start":{"line":9,"column":20},"end":{"line":9,"column":29}},"2":{"start":{"line":10,"column":24},"end":{"line":10,"column":44}},"3":{"start":{"line":12,"column":6},"end":{"line":13,"column":71}},"4":{"start":{"line":13,"column":8},"end":{"line":13,"column":71}},"5":{"start":{"line":15,"column":6},"end":{"line":15,"column":75}},"6":{"start":{"line":15,"column":18},"end":{"line":15,"column":75}},"7":{"start":{"line":17,"column":6},"end":{"line":20,"column":7}},"8":{"start":{"line":18,"column":24},"end":{"line":18,"column":72}},"9":{"start":{"line":19,"column":8},"end":{"line":19,"column":54}},"10":{"start":{"line":22,"column":6},"end":{"line":22,"column":40}},"11":{"start":{"line":24,"column":6},"end":{"line":24,"column":25}},"12":{"start":{"line":28,"column":4},"end":{"line":38,"column":5}},"13":{"start":{"line":29,"column":21},"end":{"line":29,"column":38}},"14":{"start":{"line":31,"column":6},"end":{"line":31,"column":70}},"15":{"start":{"line":31,"column":18},"end":{"line":31,"column":70}},"16":{"start":{"line":33,"column":6},"end":{"line":33,"column":43}},"17":{"start":{"line":35,"column":6},"end":{"line":35,"column":40}},"18":{"start":{"line":37,"column":6},"end":{"line":37,"column":25}}},"fnMap":{"0":{"name":"(anonymous_0)","decl":{"start":{"line":7,"column":2},"end":{"line":7,"column":3}},"loc":{"start":{"line":7,"column":42},"end":{"line":26,"column":3}},"line":7},"1":{"name":"(anonymous_1)","decl":{"start":{"line":27,"column":2},"end":{"line":27,"column":3}},"loc":{"start":{"line":27,"column":42},"end":{"line":39,"column":3}},"line":27}},"branchMap":{"0":{"loc":{"start":{"line":12,"column":6},"end":{"line":13,"column":71}},"type":"if","locations":[{"start":{"line":12,"column":6},"end":{"line":13,"column":71}},{"start":{},"end":{}}],"line":12},"1":{"loc":{"start":{"line":15,"column":6},"end":{"line":15,"column":75}},"type":"if","locations":[{"start":{"line":15,"column":6},"end":{"line":15,"column":75}},{"start":{},"end":{}}],"line":15},"2":{"loc":{"start":{"line":31,"column":6},"end":{"line":31,"column":70}},"type":"if","locations":[{"start":{"line":31,"column":6},"end":{"line":31,"column":70}},{"start":{},"end":{}}],"line":31}},"s":{"0":4,"1":4,"2":4,"3":4,"4":1,"5":3,"6":1,"7":2,"8":3,"9":2,"10":1,"11":1,"12":3,"13":3,"14":3,"15":1,"16":2,"17":1,"18":1},"f":{"0":4,"1":3},"b":{"0":[1,3],"1":[1,2],"2":[1,2]},"_coverageSchema":"1a1c01bbd47fc00a2c39e90264f33305004495a9","hash":"9a55c03cbba8f3ff89a33251525118ad1590fb1c"}
,"C:\\Users\\Chisom\\Desktop\\replay\\src\\controller\\gallery_controller.js": {"path":"C:\\Users\\Chisom\\Desktop\\replay\\src\\controller\\gallery_controller.js","statementMap":{"0":{"start":{"line":13,"column":8},"end":{"line":13,"column":72}},"1":{"start":{"line":14,"column":19},"end":{"line":14,"column":21}},"2":{"start":{"line":16,"column":6},"end":{"line":19,"column":7}},"3":{"start":{"line":16,"column":19},"end":{"line":16,"column":20}},"4":{"start":{"line":17,"column":28},"end":{"line":17,"column":73}},"5":{"start":{"line":18,"column":8},"end":{"line":18,"column":42}},"6":{"start":{"line":21,"column":6},"end":{"line":21,"column":20}},"7":{"start":{"line":23,"column":4},"end":{"line":47,"column":5}},"8":{"start":{"line":24,"column":21},"end":{"line":24,"column":65}},"9":{"start":{"line":25,"column":24},"end":{"line":25,"column":32}},"10":{"start":{"line":26,"column":25},"end":{"line":26,"column":45}},"11":{"start":{"line":28,"column":6},"end":{"line":28,"column":76}},"12":{"start":{"line":28,"column":18},"end":{"line":28,"column":76}},"13":{"start":{"line":29,"column":6},"end":{"line":30,"column":75}},"14":{"start":{"line":30,"column":8},"end":{"line":30,"column":75}},"15":{"start":{"line":32,"column":21},"end":{"line":32,"column":68}},"16":{"start":{"line":34,"column":6},"end":{"line":35,"column":72}},"17":{"start":{"line":35,"column":8},"end":{"line":35,"column":72}},"18":{"start":{"line":37,"column":24},"end":{"line":37,"column":67}},"19":{"start":{"line":39,"column":6},"end":{"line":40,"column":68}},"20":{"start":{"line":40,"column":8},"end":{"line":40,"column":68}},"21":{"start":{"line":42,"column":6},"end":{"line":42,"column":79}},"22":{"start":{"line":44,"column":6},"end":{"line":44,"column":40}},"23":{"start":{"line":46,"column":6},"end":{"line":46,"column":25}},"24":{"start":{"line":50,"column":4},"end":{"line":67,"column":5}},"25":{"start":{"line":51,"column":21},"end":{"line":51,"column":65}},"26":{"start":{"line":52,"column":24},"end":{"line":52,"column":66}},"27":{"start":{"line":54,"column":17},"end":{"line":54,"column":19}},"28":{"start":{"line":56,"column":6},"end":{"line":62,"column":7}},"29":{"start":{"line":57,"column":8},"end":{"line":61,"column":11}},"30":{"start":{"line":64,"column":6},"end":{"line":64,"column":40}},"31":{"start":{"line":66,"column":6},"end":{"line":66,"column":25}},"32":{"start":{"line":70,"column":4},"end":{"line":102,"column":5}},"33":{"start":{"line":71,"column":24},"end":{"line":71,"column":44}},"34":{"start":{"line":73,"column":6},"end":{"line":74,"column":71}},"35":{"start":{"line":74,"column":8},"end":{"line":74,"column":71}},"36":{"start":{"line":76,"column":22},"end":{"line":76,"column":65}},"37":{"start":{"line":78,"column":20},"end":{"line":78,"column":70}},"38":{"start":{"line":80,"column":17},"end":{"line":86,"column":7}},"39":{"start":{"line":88,"column":6},"end":{"line":90,"column":7}},"40":{"start":{"line":89,"column":8},"end":{"line":89,"column":42}},"41":{"start":{"line":92,"column":6},"end":{"line":97,"column":7}},"42":{"start":{"line":93,"column":8},"end":{"line":96,"column":11}},"43":{"start":{"line":99,"column":6},"end":{"line":99,"column":40}},"44":{"start":{"line":101,"column":6},"end":{"line":101,"column":25}},"45":{"start":{"line":105,"column":4},"end":{"line":126,"column":5}},"46":{"start":{"line":106,"column":24},"end":{"line":106,"column":44}},"47":{"start":{"line":108,"column":6},"end":{"line":109,"column":71}},"48":{"start":{"line":109,"column":8},"end":{"line":109,"column":71}},"49":{"start":{"line":111,"column":22},"end":{"line":111,"column":65}},"50":{"start":{"line":113,"column":6},"end":{"line":114,"column":77}},"51":{"start":{"line":114,"column":8},"end":{"line":114,"column":77}},"52":{"start":{"line":116,"column":19},"end":{"line":121,"column":7}},"53":{"start":{"line":123,"column":6},"end":{"line":123,"column":40}},"54":{"start":{"line":125,"column":6},"end":{"line":125,"column":25}},"55":{"start":{"line":129,"column":4},"end":{"line":141,"column":5}},"56":{"start":{"line":130,"column":24},"end":{"line":130,"column":44}},"57":{"start":{"line":131,"column":36},"end":{"line":131,"column":44}},"58":{"start":{"line":133,"column":6},"end":{"line":134,"column":71}},"59":{"start":{"line":134,"column":8},"end":{"line":134,"column":71}},"60":{"start":{"line":136,"column":6},"end":{"line":136,"column":78}},"61":{"start":{"line":138,"column":6},"end":{"line":138,"column":40}},"62":{"start":{"line":140,"column":6},"end":{"line":140,"column":25}},"63":{"start":{"line":144,"column":4},"end":{"line":155,"column":5}},"64":{"start":{"line":145,"column":24},"end":{"line":145,"column":44}},"65":{"start":{"line":147,"column":6},"end":{"line":148,"column":71}},"66":{"start":{"line":148,"column":8},"end":{"line":148,"column":71}},"67":{"start":{"line":150,"column":6},"end":{"line":150,"column":52}},"68":{"start":{"line":152,"column":6},"end":{"line":152,"column":40}},"69":{"start":{"line":154,"column":6},"end":{"line":154,"column":25}}},"fnMap":{"0":{"name":"(anonymous_0)","decl":{"start":{"line":10,"column":2},"end":{"line":10,"column":3}},"loc":{"start":{"line":10,"column":42},"end":{"line":48,"column":3}},"line":10},"1":{"name":"generateUniqueCode","decl":{"start":{"line":11,"column":13},"end":{"line":11,"column":31}},"loc":{"start":{"line":11,"column":34},"end":{"line":22,"column":5}},"line":11},"2":{"name":"(anonymous_2)","decl":{"start":{"line":49,"column":2},"end":{"line":49,"column":3}},"loc":{"start":{"line":49,"column":51},"end":{"line":68,"column":3}},"line":49},"3":{"name":"(anonymous_3)","decl":{"start":{"line":69,"column":2},"end":{"line":69,"column":3}},"loc":{"start":{"line":69,"column":46},"end":{"line":103,"column":3}},"line":69},"4":{"name":"(anonymous_4)","decl":{"start":{"line":104,"column":2},"end":{"line":104,"column":3}},"loc":{"start":{"line":104,"column":49},"end":{"line":127,"column":3}},"line":104},"5":{"name":"(anonymous_5)","decl":{"start":{"line":128,"column":2},"end":{"line":128,"column":3}},"loc":{"start":{"line":128,"column":52},"end":{"line":142,"column":3}},"line":128},"6":{"name":"(anonymous_6)","decl":{"start":{"line":143,"column":2},"end":{"line":143,"column":3}},"loc":{"start":{"line":143,"column":45},"end":{"line":156,"column":3}},"line":143}},"branchMap":{"0":{"loc":{"start":{"line":28,"column":6},"end":{"line":28,"column":76}},"type":"if","locations":[{"start":{"line":28,"column":6},"end":{"line":28,"column":76}},{"start":{},"end":{}}],"line":28},"1":{"loc":{"start":{"line":29,"column":6},"end":{"line":30,"column":75}},"type":"if","locations":[{"start":{"line":29,"column":6},"end":{"line":30,"column":75}},{"start":{},"end":{}}],"line":29},"2":{"loc":{"start":{"line":34,"column":6},"end":{"line":35,"column":72}},"type":"if","locations":[{"start":{"line":34,"column":6},"end":{"line":35,"column":72}},{"start":{},"end":{}}],"line":34},"3":{"loc":{"start":{"line":39,"column":6},"end":{"line":40,"column":68}},"type":"if","locations":[{"start":{"line":39,"column":6},"end":{"line":40,"column":68}},{"start":{},"end":{}}],"line":39},"4":{"loc":{"start":{"line":73,"column":6},"end":{"line":74,"column":71}},"type":"if","locations":[{"start":{"line":73,"column":6},"end":{"line":74,"column":71}},{"start":{},"end":{}}],"line":73},"5":{"loc":{"start":{"line":88,"column":6},"end":{"line":90,"column":7}},"type":"if","locations":[{"start":{"line":88,"column":6},"end":{"line":90,"column":7}},{"start":{},"end":{}}],"line":88},"6":{"loc":{"start":{"line":108,"column":6},"end":{"line":109,"column":71}},"type":"if","locations":[{"start":{"line":108,"column":6},"end":{"line":109,"column":71}},{"start":{},"end":{}}],"line":108},"7":{"loc":{"start":{"line":113,"column":6},"end":{"line":114,"column":77}},"type":"if","locations":[{"start":{"line":113,"column":6},"end":{"line":114,"column":77}},{"start":{},"end":{}}],"line":113},"8":{"loc":{"start":{"line":133,"column":6},"end":{"line":134,"column":71}},"type":"if","locations":[{"start":{"line":133,"column":6},"end":{"line":134,"column":71}},{"start":{},"end":{}}],"line":133},"9":{"loc":{"start":{"line":147,"column":6},"end":{"line":148,"column":71}},"type":"if","locations":[{"start":{"line":147,"column":6},"end":{"line":148,"column":71}},{"start":{},"end":{}}],"line":147}},"s":{"0":1,"1":1,"2":1,"3":1,"4":6,"5":6,"6":1,"7":1,"8":1,"9":1,"10":1,"11":1,"12":1,"13":0,"14":0,"15":0,"16":0,"17":0,"18":0,"19":0,"20":0,"21":0,"22":0,"23":0,"24":2,"25":2,"26":2,"27":2,"28":2,"29":1,"30":2,"31":0,"32":2,"33":2,"34":2,"35":1,"36":1,"37":1,"38":1,"39":1,"40":0,"41":1,"42":1,"43":1,"44":0,"45":0,"46":0,"47":0,"48":0,"49":0,"50":0,"51":0,"52":0,"53":0,"54":0,"55":0,"56":0,"57":0,"58":0,"59":0,"60":0,"61":0,"62":0,"63":2,"64":2,"65":2,"66":1,"67":1,"68":1,"69":0},"f":{"0":1,"1":1,"2":2,"3":2,"4":0,"5":0,"6":2},"b":{"0":[1,0],"1":[0,0],"2":[0,0],"3":[0,0],"4":[1,1],"5":[0,1],"6":[0,0],"7":[0,0],"8":[0,0],"9":[1,1]},"_coverageSchema":"1a1c01bbd47fc00a2c39e90264f33305004495a9","hash":"27e730df23e319ea3303186a7947461206318707"}
,"C:\\Users\\Chisom\\Desktop\\replay\\src\\controller\\stats_controller.js": {"path":"C:\\Users\\Chisom\\Desktop\\replay\\src\\controller\\stats_controller.js","statementMap":{"0":{"start":{"line":9,"column":4},"end":{"line":29,"column":5}},"1":{"start":{"line":10,"column":21},"end":{"line":10,"column":65}},"2":{"start":{"line":11,"column":24},"end":{"line":11,"column":66}},"3":{"start":{"line":13,"column":17},"end":{"line":16,"column":7}},"4":{"start":{"line":18,"column":6},"end":{"line":24,"column":7}},"5":{"start":{"line":19,"column":8},"end":{"line":19,"column":47}},"6":{"start":{"line":21,"column":8},"end":{"line":23,"column":9}},"7":{"start":{"line":22,"column":10},"end":{"line":22,"column":47}},"8":{"start":{"line":26,"column":6},"end":{"line":26,"column":40}},"9":{"start":{"line":28,"column":6},"end":{"line":28,"column":25}}},"fnMap":{"0":{"name":"(anonymous_0)","decl":{"start":{"line":8,"column":2},"end":{"line":8,"column":3}},"loc":{"start":{"line":8,"column":40},"end":{"line":30,"column":3}},"line":8}},"branchMap":{"0":{"loc":{"start":{"line":18,"column":6},"end":{"line":24,"column":7}},"type":"if","locations":[{"start":{"line":18,"column":6},"end":{"line":24,"column":7}},{"start":{},"end":{}}],"line":18}},"s":{"0":0,"1":0,"2":0,"3":0,"4":0,"5":0,"6":0,"7":0,"8":0,"9":0},"f":{"0":0},"b":{"0":[0,0]},"_coverageSchema":"1a1c01bbd47fc00a2c39e90264f33305004495a9","hash":"581ede4b02c1611c364001fc010713c31c75ec68"}
,"C:\\Users\\Chisom\\Desktop\\replay\\src\\controller\\user_controller.js": {"path":"C:\\Users\\Chisom\\Desktop\\replay\\src\\controller\\user_controller.js","statementMap":{"0":{"start":{"line":12,"column":4},"end":{"line":26,"column":5}},"1":{"start":{"line":13,"column":21},"end":{"line":13,"column":65}},"2":{"start":{"line":14,"column":6},"end":{"line":15,"column":72}},"3":{"start":{"line":15,"column":8},"end":{"line":15,"column":72}},"4":{"start":{"line":16,"column":19},"end":{"line":16,"column":57}},"5":{"start":{"line":18,"column":6},"end":{"line":23,"column":9}},"6":{"start":{"line":25,"column":6},"end":{"line":25,"column":25}},"7":{"start":{"line":30,"column":4},"end":{"line":64,"column":5}},"8":{"start":{"line":31,"column":21},"end":{"line":31,"column":65}},"9":{"start":{"line":32,"column":45},"end":{"line":32,"column":53}},"10":{"start":{"line":33,"column":20},"end":{"line":33,"column":35}},"11":{"start":{"line":35,"column":26},"end":{"line":47,"column":7}},"12":{"start":{"line":36,"column":8},"end":{"line":46,"column":9}},"13":{"start":{"line":37,"column":32},"end":{"line":39,"column":11}},"14":{"start":{"line":40,"column":10},"end":{"line":40,"column":31}},"15":{"start":{"line":41,"column":15},"end":{"line":46,"column":9}},"16":{"start":{"line":45,"column":10},"end":{"line":45,"column":28}},"17":{"start":{"line":49,"column":19},"end":{"line":49,"column":57}},"18":{"start":{"line":51,"column":23},"end":{"line":51,"column":59}},"19":{"start":{"line":53,"column":6},"end":{"line":59,"column":8}},"20":{"start":{"line":61,"column":6},"end":{"line":61,"column":40}},"21":{"start":{"line":63,"column":6},"end":{"line":63,"column":25}},"22":{"start":{"line":68,"column":4},"end":{"line":96,"column":5}},"23":{"start":{"line":69,"column":21},"end":{"line":69,"column":65}},"24":{"start":{"line":70,"column":6},"end":{"line":70,"column":25}},"25":{"start":{"line":71,"column":43},"end":{"line":71,"column":51}},"26":{"start":{"line":73,"column":6},"end":{"line":75,"column":7}},"27":{"start":{"line":74,"column":8},"end":{"line":74,"column":69}},"28":{"start":{"line":76,"column":6},"end":{"line":78,"column":7}},"29":{"start":{"line":77,"column":8},"end":{"line":77,"column":69}},"30":{"start":{"line":81,"column":19},"end":{"line":81,"column":57}},"31":{"start":{"line":84,"column":22},"end":{"line":84,"column":70}},"32":{"start":{"line":85,"column":6},"end":{"line":87,"column":7}},"33":{"start":{"line":86,"column":8},"end":{"line":86,"column":68}},"34":{"start":{"line":91,"column":6},"end":{"line":91,"column":24}},"35":{"start":{"line":93,"column":6},"end":{"line":93,"column":67}},"36":{"start":{"line":95,"column":6},"end":{"line":95,"column":25}}},"fnMap":{"0":{"name":"(anonymous_0)","decl":{"start":{"line":11,"column":2},"end":{"line":11,"column":3}},"loc":{"start":{"line":11,"column":43},"end":{"line":27,"column":3}},"line":11},"1":{"name":"(anonymous_1)","decl":{"start":{"line":29,"column":2},"end":{"line":29,"column":3}},"loc":{"start":{"line":29,"column":46},"end":{"line":65,"column":3}},"line":29},"2":{"name":"(anonymous_2)","decl":{"start":{"line":35,"column":26},"end":{"line":35,"column":27}},"loc":{"start":{"line":35,"column":60},"end":{"line":47,"column":7}},"line":35},"3":{"name":"(anonymous_3)","decl":{"start":{"line":67,"column":2},"end":{"line":67,"column":3}},"loc":{"start":{"line":67,"column":50},"end":{"line":97,"column":3}},"line":67}},"branchMap":{"0":{"loc":{"start":{"line":14,"column":6},"end":{"line":15,"column":72}},"type":"if","locations":[{"start":{"line":14,"column":6},"end":{"line":15,"column":72}},{"start":{},"end":{}}],"line":14},"1":{"loc":{"start":{"line":36,"column":8},"end":{"line":46,"column":9}},"type":"if","locations":[{"start":{"line":36,"column":8},"end":{"line":46,"column":9}},{"start":{"line":41,"column":15},"end":{"line":46,"column":9}}],"line":36},"2":{"loc":{"start":{"line":36,"column":12},"end":{"line":36,"column":43}},"type":"binary-expr","locations":[{"start":{"line":36,"column":12},"end":{"line":36,"column":22}},{"start":{"line":36,"column":26},"end":{"line":36,"column":43}}],"line":36},"3":{"loc":{"start":{"line":41,"column":15},"end":{"line":46,"column":9}},"type":"if","locations":[{"start":{"line":41,"column":15},"end":{"line":46,"column":9}},{"start":{},"end":{}}],"line":41},"4":{"loc":{"start":{"line":42,"column":10},"end":{"line":43,"column":51}},"type":"binary-expr","locations":[{"start":{"line":42,"column":10},"end":{"line":42,"column":40}},{"start":{"line":43,"column":10},"end":{"line":43,"column":51}}],"line":42},"5":{"loc":{"start":{"line":73,"column":6},"end":{"line":75,"column":7}},"type":"if","locations":[{"start":{"line":73,"column":6},"end":{"line":75,"column":7}},{"start":{},"end":{}}],"line":73},"6":{"loc":{"start":{"line":76,"column":6},"end":{"line":78,"column":7}},"type":"if","locations":[{"start":{"line":76,"column":6},"end":{"line":78,"column":7}},{"start":{},"end":{}}],"line":76},"7":{"loc":{"start":{"line":85,"column":6},"end":{"line":87,"column":7}},"type":"if","locations":[{"start":{"line":85,"column":6},"end":{"line":87,"column":7}},{"start":{},"end":{}}],"line":85}},"s":{"0":0,"1":0,"2":0,"3":0,"4":0,"5":0,"6":0,"7":0,"8":0,"9":0,"10":0,"11":0,"12":0,"13":0,"14":0,"15":0,"16":0,"17":0,"18":0,"19":0,"20":0,"21":0,"22":0,"23":0,"24":0,"25":0,"26":0,"27":0,"28":0,"29":0,"30":0,"31":0,"32":0,"33":0,"34":0,"35":0,"36":0},"f":{"0":0,"1":0,"2":0,"3":0},"b":{"0":[0,0],"1":[0,0],"2":[0,0],"3":[0,0],"4":[0,0],"5":[0,0],"6":[0,0],"7":[0,0]},"_coverageSchema":"1a1c01bbd47fc00a2c39e90264f33305004495a9","hash":"72b6c47d0a3a10ce3401ae454c9d6e7f64aa117f"}
,"C:\\Users\\Chisom\\Desktop\\replay\\src\\middlewares\\authorization.js": {"path":"C:\\Users\\Chisom\\Desktop\\replay\\src\\middlewares\\authorization.js","statementMap":{"0":{"start":{"line":7,"column":4},"end":{"line":27,"column":5}},"1":{"start":{"line":9,"column":6},"end":{"line":16,"column":7}},"2":{"start":{"line":13,"column":8},"end":{"line":13,"column":56}},"3":{"start":{"line":14,"column":13},"end":{"line":16,"column":7}},"4":{"start":{"line":15,"column":8},"end":{"line":15,"column":32}},"5":{"start":{"line":17,"column":6},"end":{"line":21,"column":7}},"6":{"start":{"line":18,"column":8},"end":{"line":20,"column":10}},"7":{"start":{"line":22,"column":22},"end":{"line":22,"column":63}},"8":{"start":{"line":23,"column":6},"end":{"line":23,"column":25}},"9":{"start":{"line":24,"column":6},"end":{"line":24,"column":20}},"10":{"start":{"line":26,"column":6},"end":{"line":26,"column":16}},"11":{"start":{"line":30,"column":3},"end":{"line":47,"column":4}},"12":{"start":{"line":32,"column":4},"end":{"line":39,"column":5}},"13":{"start":{"line":36,"column":6},"end":{"line":36,"column":54}},"14":{"start":{"line":37,"column":11},"end":{"line":39,"column":5}},"15":{"start":{"line":38,"column":6},"end":{"line":38,"column":30}},"16":{"start":{"line":41,"column":20},"end":{"line":41,"column":78}},"17":{"start":{"line":43,"column":19},"end":{"line":43,"column":29}},"18":{"start":{"line":44,"column":4},"end":{"line":44,"column":18}},"19":{"start":{"line":46,"column":4},"end":{"line":46,"column":14}}},"fnMap":{"0":{"name":"(anonymous_0)","decl":{"start":{"line":6,"column":2},"end":{"line":6,"column":3}},"loc":{"start":{"line":6,"column":43},"end":{"line":28,"column":3}},"line":6},"1":{"name":"(anonymous_1)","decl":{"start":{"line":29,"column":2},"end":{"line":29,"column":3}},"loc":{"start":{"line":29,"column":40},"end":{"line":48,"column":3}},"line":29}},"branchMap":{"0":{"loc":{"start":{"line":9,"column":6},"end":{"line":16,"column":7}},"type":"if","locations":[{"start":{"line":9,"column":6},"end":{"line":16,"column":7}},{"start":{"line":14,"column":13},"end":{"line":16,"column":7}}],"line":9},"1":{"loc":{"start":{"line":10,"column":8},"end":{"line":11,"column":54}},"type":"binary-expr","locations":[{"start":{"line":10,"column":8},"end":{"line":10,"column":33}},{"start":{"line":11,"column":8},"end":{"line":11,"column":54}}],"line":10},"2":{"loc":{"start":{"line":14,"column":13},"end":{"line":16,"column":7}},"type":"if","locations":[{"start":{"line":14,"column":13},"end":{"line":16,"column":7}},{"start":{},"end":{}}],"line":14},"3":{"loc":{"start":{"line":17,"column":6},"end":{"line":21,"column":7}},"type":"if","locations":[{"start":{"line":17,"column":6},"end":{"line":21,"column":7}},{"start":{},"end":{}}],"line":17},"4":{"loc":{"start":{"line":32,"column":4},"end":{"line":39,"column":5}},"type":"if","locations":[{"start":{"line":32,"column":4},"end":{"line":39,"column":5}},{"start":{"line":37,"column":11},"end":{"line":39,"column":5}}],"line":32},"5":{"loc":{"start":{"line":33,"column":6},"end":{"line":34,"column":52}},"type":"binary-expr","locations":[{"start":{"line":33,"column":6},"end":{"line":33,"column":31}},{"start":{"line":34,"column":6},"end":{"line":34,"column":52}}],"line":33},"6":{"loc":{"start":{"line":37,"column":11},"end":{"line":39,"column":5}},"type":"if","locations":[{"start":{"line":37,"column":11},"end":{"line":39,"column":5}},{"start":{},"end":{}}],"line":37}},"s":{"0":0,"1":0,"2":0,"3":0,"4":0,"5":0,"6":0,"7":0,"8":0,"9":0,"10":0,"11":0,"12":0,"13":0,"14":0,"15":0,"16":0,"17":0,"18":0,"19":0},"f":{"0":0,"1":0},"b":{"0":[0,0],"1":[0,0],"2":[0,0],"3":[0,0],"4":[0,0],"5":[0,0],"6":[0,0]},"_coverageSchema":"1a1c01bbd47fc00a2c39e90264f33305004495a9","hash":"9ee6ad071f93ea03f21f0ffcbed241edec95f9ba"}
,"C:\\Users\\Chisom\\Desktop\\replay\\src\\middlewares\\multer.js": {"path":"C:\\Users\\Chisom\\Desktop\\replay\\src\\middlewares\\multer.js","statementMap":{"0":{"start":{"line":4,"column":16},"end":{"line":4,"column":38}},"1":{"start":{"line":6,"column":15},"end":{"line":17,"column":2}},"2":{"start":{"line":9,"column":16},"end":{"line":9,"column":61}},"3":{"start":{"line":11,"column":4},"end":{"line":13,"column":5}},"4":{"start":{"line":12,"column":6},"end":{"line":12,"column":59}},"5":{"start":{"line":15,"column":4},"end":{"line":15,"column":19}}},"fnMap":{"0":{"name":"(anonymous_0)","decl":{"start":{"line":8,"column":14},"end":{"line":8,"column":15}},"loc":{"start":{"line":8,"column":33},"end":{"line":16,"column":3}},"line":8}},"branchMap":{"0":{"loc":{"start":{"line":11,"column":4},"end":{"line":13,"column":5}},"type":"if","locations":[{"start":{"line":11,"column":4},"end":{"line":13,"column":5}},{"start":{},"end":{}}],"line":11},"1":{"loc":{"start":{"line":11,"column":8},"end":{"line":11,"column":59}},"type":"binary-expr","locations":[{"start":{"line":11,"column":8},"end":{"line":11,"column":22}},{"start":{"line":11,"column":26},"end":{"line":11,"column":41}},{"start":{"line":11,"column":45},"end":{"line":11,"column":59}}],"line":11}},"s":{"0":1,"1":1,"2":0,"3":0,"4":0,"5":0},"f":{"0":0},"b":{"0":[0,0],"1":[0,0,0]},"_coverageSchema":"1a1c01bbd47fc00a2c39e90264f33305004495a9","hash":"2879b96d3ffe8e2b070d218302da449ddca1876c"}
,"C:\\Users\\Chisom\\Desktop\\replay\\src\\models\\file_model.js": {"path":"C:\\Users\\Chisom\\Desktop\\replay\\src\\models\\file_model.js","statementMap":{"0":{"start":{"line":6,"column":0},"end":{"line":37,"column":2}}},"fnMap":{},"branchMap":{},"s":{"0":4},"f":{},"b":{},"_coverageSchema":"1a1c01bbd47fc00a2c39e90264f33305004495a9","hash":"7dd9bbdfefbe0b4aa537a0c0b542c204b84df0a3"}
,"C:\\Users\\Chisom\\Desktop\\replay\\src\\models\\gallery_model.js": {"path":"C:\\Users\\Chisom\\Desktop\\replay\\src\\models\\gallery_model.js","statementMap":{"0":{"start":{"line":6,"column":0},"end":{"line":56,"column":2}}},"fnMap":{},"branchMap":{},"s":{"0":6},"f":{},"b":{},"_coverageSchema":"1a1c01bbd47fc00a2c39e90264f33305004495a9","hash":"3b240fc0f23a0e39ed697a7ff5c6a3b292a4b16b"}
,"C:\\Users\\Chisom\\Desktop\\replay\\src\\models\\user_model.js": {"path":"C:\\Users\\Chisom\\Desktop\\replay\\src\\models\\user_model.js","statementMap":{"0":{"start":{"line":7,"column":0},"end":{"line":63,"column":3}},"1":{"start":{"line":51,"column":6},"end":{"line":54,"column":7}},"2":{"start":{"line":52,"column":21},"end":{"line":52,"column":45}},"3":{"start":{"line":53,"column":8},"end":{"line":53,"column":63}},"4":{"start":{"line":57,"column":6},"end":{"line":60,"column":7}},"5":{"start":{"line":58,"column":21},"end":{"line":58,"column":45}},"6":{"start":{"line":59,"column":8},"end":{"line":59,"column":63}}},"fnMap":{"0":{"name":"(anonymous_0)","decl":{"start":{"line":50,"column":18},"end":{"line":50,"column":19}},"loc":{"start":{"line":50,"column":34},"end":{"line":55,"column":5}},"line":50},"1":{"name":"(anonymous_1)","decl":{"start":{"line":56,"column":18},"end":{"line":56,"column":19}},"loc":{"start":{"line":56,"column":34},"end":{"line":61,"column":5}},"line":56}},"branchMap":{"0":{"loc":{"start":{"line":51,"column":6},"end":{"line":54,"column":7}},"type":"if","locations":[{"start":{"line":51,"column":6},"end":{"line":54,"column":7}},{"start":{},"end":{}}],"line":51},"1":{"loc":{"start":{"line":57,"column":6},"end":{"line":60,"column":7}},"type":"if","locations":[{"start":{"line":57,"column":6},"end":{"line":60,"column":7}},{"start":{},"end":{}}],"line":57}},"s":{"0":3,"1":0,"2":0,"3":0,"4":0,"5":0,"6":0},"f":{"0":0,"1":0},"b":{"0":[0,0],"1":[0,0]},"_coverageSchema":"1a1c01bbd47fc00a2c39e90264f33305004495a9","hash":"ee4948f5a65820647cced7b64533c7ded70135e0"}
,"C:\\Users\\Chisom\\Desktop\\replay\\src\\routes\\auth_routes.js": {"path":"C:\\Users\\Chisom\\Desktop\\replay\\src\\routes\\auth_routes.js","statementMap":{"0":{"start":{"line":5,"column":15},"end":{"line":5,"column":23}},"1":{"start":{"line":7,"column":0},"end":{"line":7,"column":46}},"2":{"start":{"line":8,"column":0},"end":{"line":8,"column":43}}},"fnMap":{},"branchMap":{},"s":{"0":1,"1":1,"2":1},"f":{},"b":{},"_coverageSchema":"1a1c01bbd47fc00a2c39e90264f33305004495a9","hash":"e100879959d6a45dfc8446eeabde745aaeea45e3"}
,"C:\\Users\\Chisom\\Desktop\\replay\\src\\routes\\file_routes.js": {"path":"C:\\Users\\Chisom\\Desktop\\replay\\src\\routes\\file_routes.js","statementMap":{"0":{"start":{"line":5,"column":15},"end":{"line":5,"column":23}},"1":{"start":{"line":7,"column":0},"end":{"line":11,"column":2}},"2":{"start":{"line":12,"column":0},"end":{"line":12,"column":53}}},"fnMap":{},"branchMap":{},"s":{"0":1,"1":1,"2":1},"f":{},"b":{},"_coverageSchema":"1a1c01bbd47fc00a2c39e90264f33305004495a9","hash":"3a56adb274eb69aaf885aa9a788c44eef8a11f84"}
,"C:\\Users\\Chisom\\Desktop\\replay\\src\\routes\\gallery_routes.js": {"path":"C:\\Users\\Chisom\\Desktop\\replay\\src\\routes\\gallery_routes.js","statementMap":{"0":{"start":{"line":4,"column":15},"end":{"line":4,"column":23}},"1":{"start":{"line":6,"column":0},"end":{"line":6,"column":47}},"2":{"start":{"line":7,"column":0},"end":{"line":7,"column":55}},"3":{"start":{"line":8,"column":0},"end":{"line":8,"column":60}},"4":{"start":{"line":9,"column":0},"end":{"line":9,"column":71}},"5":{"start":{"line":10,"column":0},"end":{"line":10,"column":68}},"6":{"start":{"line":11,"column":0},"end":{"line":11,"column":62}}},"fnMap":{},"branchMap":{},"s":{"0":1,"1":1,"2":1,"3":1,"4":1,"5":1,"6":1},"f":{},"b":{},"_coverageSchema":"1a1c01bbd47fc00a2c39e90264f33305004495a9","hash":"8a5f7d084513b624d503de4612853f52d98eb1c7"}
,"C:\\Users\\Chisom\\Desktop\\replay\\src\\routes\\index.js": {"path":"C:\\Users\\Chisom\\Desktop\\replay\\src\\routes\\index.js","statementMap":{"0":{"start":{"line":9,"column":15},"end":{"line":9,"column":23}},"1":{"start":{"line":11,"column":0},"end":{"line":11,"column":32}},"2":{"start":{"line":12,"column":0},"end":{"line":12,"column":65}},"3":{"start":{"line":13,"column":0},"end":{"line":13,"column":59}},"4":{"start":{"line":14,"column":0},"end":{"line":14,"column":61}},"5":{"start":{"line":15,"column":0},"end":{"line":15,"column":59}}},"fnMap":{},"branchMap":{},"s":{"0":1,"1":1,"2":1,"3":1,"4":1,"5":1},"f":{},"b":{},"_coverageSchema":"1a1c01bbd47fc00a2c39e90264f33305004495a9","hash":"4255340d466ad1af8687377715c1baff924ec025"}
,"C:\\Users\\Chisom\\Desktop\\replay\\src\\routes\\stats_routes.js": {"path":"C:\\Users\\Chisom\\Desktop\\replay\\src\\routes\\stats_routes.js","statementMap":{"0":{"start":{"line":4,"column":15},"end":{"line":4,"column":23}},"1":{"start":{"line":6,"column":0},"end":{"line":6,"column":42}}},"fnMap":{},"branchMap":{},"s":{"0":1,"1":1},"f":{},"b":{},"_coverageSchema":"1a1c01bbd47fc00a2c39e90264f33305004495a9","hash":"aebd48a2d8519e88353dc347338a29ebbc144c5b"}
,"C:\\Users\\Chisom\\Desktop\\replay\\src\\routes\\user_routes.js": {"path":"C:\\Users\\Chisom\\Desktop\\replay\\src\\routes\\user_routes.js","statementMap":{"0":{"start":{"line":5,"column":15},"end":{"line":5,"column":23}},"1":{"start":{"line":7,"column":0},"end":{"line":7,"column":44}},"2":{"start":{"line":8,"column":0},"end":{"line":8,"column":73}},"3":{"start":{"line":9,"column":0},"end":{"line":9,"column":67}}},"fnMap":{},"branchMap":{},"s":{"0":1,"1":1,"2":1,"3":1},"f":{},"b":{},"_coverageSchema":"1a1c01bbd47fc00a2c39e90264f33305004495a9","hash":"dc09900d23335a2aa3cd46e7be9b7be81498a77f"}
,"C:\\Users\\Chisom\\Desktop\\replay\\src\\services\\files_service.js": {"path":"C:\\Users\\Chisom\\Desktop\\replay\\src\\services\\files_service.js","statementMap":{"0":{"start":{"line":6,"column":4},"end":{"line":16,"column":5}},"1":{"start":{"line":7,"column":22},"end":{"line":7,"column":55}},"2":{"start":{"line":8,"column":6},"end":{"line":8,"column":58}},"3":{"start":{"line":8,"column":20},"end":{"line":8,"column":58}},"4":{"start":{"line":10,"column":22},"end":{"line":10,"column":61}},"5":{"start":{"line":11,"column":6},"end":{"line":11,"column":29}},"6":{"start":{"line":12,"column":6},"end":{"line":12,"column":27}},"7":{"start":{"line":13,"column":6},"end":{"line":13,"column":21}},"8":{"start":{"line":15,"column":6},"end":{"line":15,"column":18}},"9":{"start":{"line":20,"column":4},"end":{"line":33,"column":5}},"10":{"start":{"line":21,"column":19},"end":{"line":21,"column":47}},"11":{"start":{"line":22,"column":6},"end":{"line":22,"column":52}},"12":{"start":{"line":22,"column":17},"end":{"line":22,"column":52}},"13":{"start":{"line":24,"column":22},"end":{"line":24,"column":60}},"14":{"start":{"line":25,"column":6},"end":{"line":25,"column":58}},"15":{"start":{"line":25,"column":20},"end":{"line":25,"column":58}},"16":{"start":{"line":27,"column":6},"end":{"line":27,"column":29}},"17":{"start":{"line":28,"column":6},"end":{"line":28,"column":27}},"18":{"start":{"line":29,"column":6},"end":{"line":29,"column":27}},"19":{"start":{"line":30,"column":6},"end":{"line":30,"column":18}},"20":{"start":{"line":32,"column":6},"end":{"line":32,"column":18}},"21":{"start":{"line":37,"column":4},"end":{"line":42,"column":5}},"22":{"start":{"line":38,"column":20},"end":{"line":38,"column":65}},"23":{"start":{"line":39,"column":6},"end":{"line":39,"column":19}},"24":{"start":{"line":41,"column":6},"end":{"line":41,"column":18}}},"fnMap":{"0":{"name":"(anonymous_0)","decl":{"start":{"line":5,"column":2},"end":{"line":5,"column":3}},"loc":{"start":{"line":5,"column":40},"end":{"line":17,"column":3}},"line":5},"1":{"name":"(anonymous_1)","decl":{"start":{"line":19,"column":2},"end":{"line":19,"column":3}},"loc":{"start":{"line":19,"column":34},"end":{"line":34,"column":3}},"line":19},"2":{"name":"(anonymous_2)","decl":{"start":{"line":36,"column":2},"end":{"line":36,"column":3}},"loc":{"start":{"line":36,"column":48},"end":{"line":43,"column":3}},"line":36}},"branchMap":{"0":{"loc":{"start":{"line":8,"column":6},"end":{"line":8,"column":58}},"type":"if","locations":[{"start":{"line":8,"column":6},"end":{"line":8,"column":58}},{"start":{},"end":{}}],"line":8},"1":{"loc":{"start":{"line":22,"column":6},"end":{"line":22,"column":52}},"type":"if","locations":[{"start":{"line":22,"column":6},"end":{"line":22,"column":52}},{"start":{},"end":{}}],"line":22},"2":{"loc":{"start":{"line":25,"column":6},"end":{"line":25,"column":58}},"type":"if","locations":[{"start":{"line":25,"column":6},"end":{"line":25,"column":58}},{"start":{},"end":{}}],"line":25}},"s":{"0":3,"1":3,"2":3,"3":1,"4":2,"5":1,"6":1,"7":1,"8":2,"9":3,"10":3,"11":3,"12":1,"13":2,"14":2,"15":1,"16":1,"17":1,"18":1,"19":1,"20":2,"21":2,"22":2,"23":2,"24":0},"f":{"0":3,"1":3,"2":2},"b":{"0":[1,2],"1":[1,2],"2":[1,1]},"_coverageSchema":"1a1c01bbd47fc00a2c39e90264f33305004495a9","hash":"dc786fb0f91350e4c5195f59fd6db1aed7c54a56"}
,"C:\\Users\\Chisom\\Desktop\\replay\\src\\services\\gallery_service.js": {"path":"C:\\Users\\Chisom\\Desktop\\replay\\src\\services\\gallery_service.js","statementMap":{"0":{"start":{"line":5,"column":4},"end":{"line":15,"column":5}},"1":{"start":{"line":6,"column":25},"end":{"line":11,"column":8}},"2":{"start":{"line":12,"column":6},"end":{"line":12,"column":24}},"3":{"start":{"line":14,"column":6},"end":{"line":14,"column":18}},"4":{"start":{"line":19,"column":4},"end":{"line":28,"column":5}},"5":{"start":{"line":20,"column":24},"end":{"line":24,"column":8}},"6":{"start":{"line":25,"column":6},"end":{"line":25,"column":23}},"7":{"start":{"line":27,"column":6},"end":{"line":27,"column":18}},"8":{"start":{"line":32,"column":4},"end":{"line":37,"column":5}},"9":{"start":{"line":33,"column":22},"end":{"line":33,"column":55}},"10":{"start":{"line":34,"column":6},"end":{"line":34,"column":21}},"11":{"start":{"line":36,"column":6},"end":{"line":36,"column":18}},"12":{"start":{"line":41,"column":4},"end":{"line":55,"column":5}},"13":{"start":{"line":42,"column":22},"end":{"line":42,"column":55}},"14":{"start":{"line":44,"column":6},"end":{"line":46,"column":7}},"15":{"start":{"line":45,"column":8},"end":{"line":45,"column":46}},"16":{"start":{"line":48,"column":6},"end":{"line":48,"column":53}},"17":{"start":{"line":48,"column":31},"end":{"line":48,"column":53}},"18":{"start":{"line":49,"column":6},"end":{"line":49,"column":68}},"19":{"start":{"line":49,"column":36},"end":{"line":49,"column":68}},"20":{"start":{"line":51,"column":6},"end":{"line":51,"column":27}},"21":{"start":{"line":52,"column":6},"end":{"line":52,"column":21}},"22":{"start":{"line":54,"column":6},"end":{"line":54,"column":18}},"23":{"start":{"line":59,"column":4},"end":{"line":70,"column":5}},"24":{"start":{"line":60,"column":22},"end":{"line":60,"column":55}},"25":{"start":{"line":62,"column":6},"end":{"line":64,"column":7}},"26":{"start":{"line":63,"column":8},"end":{"line":63,"column":46}},"27":{"start":{"line":66,"column":6},"end":{"line":66,"column":30}},"28":{"start":{"line":67,"column":6},"end":{"line":67,"column":18}},"29":{"start":{"line":69,"column":6},"end":{"line":69,"column":18}}},"fnMap":{"0":{"name":"(anonymous_0)","decl":{"start":{"line":4,"column":2},"end":{"line":4,"column":3}},"loc":{"start":{"line":4,"column":64},"end":{"line":16,"column":3}},"line":4},"1":{"name":"(anonymous_1)","decl":{"start":{"line":18,"column":2},"end":{"line":18,"column":3}},"loc":{"start":{"line":18,"column":37},"end":{"line":29,"column":3}},"line":18},"2":{"name":"(anonymous_2)","decl":{"start":{"line":31,"column":2},"end":{"line":31,"column":3}},"loc":{"start":{"line":31,"column":38},"end":{"line":38,"column":3}},"line":31},"3":{"name":"(anonymous_3)","decl":{"start":{"line":40,"column":2},"end":{"line":40,"column":3}},"loc":{"start":{"line":40,"column":68},"end":{"line":56,"column":3}},"line":40},"4":{"name":"(anonymous_4)","decl":{"start":{"line":58,"column":2},"end":{"line":58,"column":3}},"loc":{"start":{"line":58,"column":40},"end":{"line":71,"column":3}},"line":58}},"branchMap":{"0":{"loc":{"start":{"line":44,"column":6},"end":{"line":46,"column":7}},"type":"if","locations":[{"start":{"line":44,"column":6},"end":{"line":46,"column":7}},{"start":{},"end":{}}],"line":44},"1":{"loc":{"start":{"line":48,"column":6},"end":{"line":48,"column":53}},"type":"if","locations":[{"start":{"line":48,"column":6},"end":{"line":48,"column":53}},{"start":{},"end":{}}],"line":48},"2":{"loc":{"start":{"line":49,"column":6},"end":{"line":49,"column":68}},"type":"if","locations":[{"start":{"line":49,"column":6},"end":{"line":49,"column":68}},{"start":{},"end":{}}],"line":49},"3":{"loc":{"start":{"line":62,"column":6},"end":{"line":64,"column":7}},"type":"if","locations":[{"start":{"line":62,"column":6},"end":{"line":64,"column":7}},{"start":{},"end":{}}],"line":62}},"s":{"0":2,"1":2,"2":1,"3":1,"4":2,"5":2,"6":2,"7":0,"8":2,"9":2,"10":2,"11":0,"12":2,"13":2,"14":2,"15":1,"16":1,"17":1,"18":1,"19":1,"20":1,"21":1,"22":1,"23":2,"24":2,"25":2,"26":1,"27":1,"28":1,"29":1},"f":{"0":2,"1":2,"2":2,"3":2,"4":2},"b":{"0":[1,1],"1":[1,0],"2":[1,0],"3":[1,1]},"_coverageSchema":"1a1c01bbd47fc00a2c39e90264f33305004495a9","hash":"51ff42cf72927b1750ee344a021ea79b3bef5491"}
,"C:\\Users\\Chisom\\Desktop\\replay\\src\\services\\user_service.js": {"path":"C:\\Users\\Chisom\\Desktop\\replay\\src\\services\\user_service.js","statementMap":{"0":{"start":{"line":5,"column":4},"end":{"line":18,"column":5}},"1":{"start":{"line":6,"column":22},"end":{"line":12,"column":8}},"2":{"start":{"line":14,"column":6},"end":{"line":14,"column":21}},"3":{"start":{"line":16,"column":6},"end":{"line":16,"column":27}},"4":{"start":{"line":17,"column":6},"end":{"line":17,"column":18}},"5":{"start":{"line":22,"column":4},"end":{"line":31,"column":5}},"6":{"start":{"line":23,"column":19},"end":{"line":27,"column":8}},"7":{"start":{"line":28,"column":6},"end":{"line":28,"column":18}},"8":{"start":{"line":30,"column":6},"end":{"line":30,"column":18}},"9":{"start":{"line":35,"column":4},"end":{"line":40,"column":5}},"10":{"start":{"line":36,"column":19},"end":{"line":36,"column":46}},"11":{"start":{"line":37,"column":6},"end":{"line":37,"column":18}},"12":{"start":{"line":39,"column":6},"end":{"line":39,"column":18}},"13":{"start":{"line":44,"column":4},"end":{"line":57,"column":5}},"14":{"start":{"line":45,"column":19},"end":{"line":45,"column":46}},"15":{"start":{"line":47,"column":6},"end":{"line":47,"column":33}},"16":{"start":{"line":48,"column":6},"end":{"line":48,"column":31}},"17":{"start":{"line":49,"column":6},"end":{"line":49,"column":25}},"18":{"start":{"line":50,"column":6},"end":{"line":50,"column":25}},"19":{"start":{"line":52,"column":6},"end":{"line":52,"column":24}},"20":{"start":{"line":54,"column":6},"end":{"line":54,"column":18}},"21":{"start":{"line":56,"column":6},"end":{"line":56,"column":18}},"22":{"start":{"line":61,"column":4},"end":{"line":71,"column":5}},"23":{"start":{"line":62,"column":19},"end":{"line":62,"column":46}},"24":{"start":{"line":64,"column":6},"end":{"line":64,"column":31}},"25":{"start":{"line":66,"column":6},"end":{"line":66,"column":24}},"26":{"start":{"line":68,"column":6},"end":{"line":68,"column":18}},"27":{"start":{"line":70,"column":6},"end":{"line":70,"column":18}}},"fnMap":{"0":{"name":"(anonymous_0)","decl":{"start":{"line":4,"column":2},"end":{"line":4,"column":3}},"loc":{"start":{"line":4,"column":71},"end":{"line":19,"column":3}},"line":4},"1":{"name":"(anonymous_1)","decl":{"start":{"line":21,"column":2},"end":{"line":21,"column":3}},"loc":{"start":{"line":21,"column":38},"end":{"line":32,"column":3}},"line":21},"2":{"name":"(anonymous_2)","decl":{"start":{"line":34,"column":2},"end":{"line":34,"column":3}},"loc":{"start":{"line":34,"column":36},"end":{"line":41,"column":3}},"line":34},"3":{"name":"(anonymous_3)","decl":{"start":{"line":43,"column":2},"end":{"line":43,"column":3}},"loc":{"start":{"line":43,"column":73},"end":{"line":58,"column":3}},"line":43},"4":{"name":"(anonymous_4)","decl":{"start":{"line":60,"column":2},"end":{"line":60,"column":3}},"loc":{"start":{"line":60,"column":52},"end":{"line":72,"column":3}},"line":60}},"branchMap":{},"s":{"0":2,"1":2,"2":1,"3":1,"4":1,"5":2,"6":2,"7":2,"8":0,"9":2,"10":2,"11":2,"12":0,"13":2,"14":2,"15":2,"16":1,"17":1,"18":1,"19":1,"20":1,"21":1,"22":2,"23":2,"24":2,"25":1,"26":1,"27":1},"f":{"0":2,"1":2,"2":2,"3":2,"4":2},"b":{},"_coverageSchema":"1a1c01bbd47fc00a2c39e90264f33305004495a9","hash":"6d24bc53794ec2e6af028fffea2e25cd487942fb"}
,"C:\\Users\\Chisom\\Desktop\\replay\\src\\utils\\app_error.js": {"path":"C:\\Users\\Chisom\\Desktop\\replay\\src\\utils\\app_error.js","statementMap":{"0":{"start":{"line":7,"column":4},"end":{"line":7,"column":19}},"1":{"start":{"line":9,"column":4},"end":{"line":9,"column":33}},"2":{"start":{"line":10,"column":4},"end":{"line":10,"column":24}},"3":{"start":{"line":11,"column":4},"end":{"line":11,"column":30}},"4":{"start":{"line":13,"column":4},"end":{"line":13,"column":52}}},"fnMap":{"0":{"name":"(anonymous_0)","decl":{"start":{"line":6,"column":2},"end":{"line":6,"column":3}},"loc":{"start":{"line":6,"column":35},"end":{"line":14,"column":3}},"line":6}},"branchMap":{},"s":{"0":30,"1":30,"2":30,"3":30,"4":30},"f":{"0":30},"b":{},"_coverageSchema":"1a1c01bbd47fc00a2c39e90264f33305004495a9","hash":"bda51886b7815f741e80c31df3a037241517f736"}
,"C:\\Users\\Chisom\\Desktop\\replay\\src\\utils\\cloudinary_upload.js": {"path":"C:\\Users\\Chisom\\Desktop\\replay\\src\\utils\\cloudinary_upload.js","statementMap":{"0":{"start":{"line":4,"column":45},"end":{"line":26,"column":1}},"1":{"start":{"line":5,"column":2},"end":{"line":25,"column":3}},"2":{"start":{"line":6,"column":4},"end":{"line":22,"column":7}},"3":{"start":{"line":7,"column":21},"end":{"line":16,"column":7}},"4":{"start":{"line":10,"column":10},"end":{"line":14,"column":11}},"5":{"start":{"line":11,"column":12},"end":{"line":11,"column":39}},"6":{"start":{"line":13,"column":12},"end":{"line":13,"column":26}},"7":{"start":{"line":18,"column":29},"end":{"line":18,"column":43}},"8":{"start":{"line":19,"column":6},"end":{"line":19,"column":34}},"9":{"start":{"line":20,"column":6},"end":{"line":20,"column":32}},"10":{"start":{"line":21,"column":6},"end":{"line":21,"column":34}},"11":{"start":{"line":24,"column":4},"end":{"line":24,"column":61}},"12":{"start":{"line":28,"column":45},"end":{"line":50,"column":1}},"13":{"start":{"line":29,"column":2},"end":{"line":49,"column":3}},"14":{"start":{"line":30,"column":4},"end":{"line":46,"column":7}},"15":{"start":{"line":31,"column":21},"end":{"line":40,"column":7}},"16":{"start":{"line":34,"column":10},"end":{"line":38,"column":11}},"17":{"start":{"line":35,"column":12},"end":{"line":35,"column":39}},"18":{"start":{"line":37,"column":12},"end":{"line":37,"column":26}},"19":{"start":{"line":42,"column":29},"end":{"line":42,"column":43}},"20":{"start":{"line":43,"column":6},"end":{"line":43,"column":34}},"21":{"start":{"line":44,"column":6},"end":{"line":44,"column":32}},"22":{"start":{"line":45,"column":6},"end":{"line":45,"column":34}},"23":{"start":{"line":48,"column":4},"end":{"line":48,"column":61}}},"fnMap":{"0":{"name":"(anonymous_0)","decl":{"start":{"line":4,"column":45},"end":{"line":4,"column":46}},"loc":{"start":{"line":4,"column":63},"end":{"line":26,"column":1}},"line":4},"1":{"name":"(anonymous_1)","decl":{"start":{"line":6,"column":23},"end":{"line":6,"column":24}},"loc":{"start":{"line":6,"column":44},"end":{"line":22,"column":5}},"line":6},"2":{"name":"(anonymous_2)","decl":{"start":{"line":9,"column":8},"end":{"line":9,"column":9}},"loc":{"start":{"line":9,"column":27},"end":{"line":15,"column":9}},"line":9},"3":{"name":"(anonymous_3)","decl":{"start":{"line":28,"column":45},"end":{"line":28,"column":46}},"loc":{"start":{"line":28,"column":63},"end":{"line":50,"column":1}},"line":28},"4":{"name":"(anonymous_4)","decl":{"start":{"line":30,"column":23},"end":{"line":30,"column":24}},"loc":{"start":{"line":30,"column":44},"end":{"line":46,"column":5}},"line":30},"5":{"name":"(anonymous_5)","decl":{"start":{"line":33,"column":8},"end":{"line":33,"column":9}},"loc":{"start":{"line":33,"column":27},"end":{"line":39,"column":9}},"line":33}},"branchMap":{"0":{"loc":{"start":{"line":10,"column":10},"end":{"line":14,"column":11}},"type":"if","locations":[{"start":{"line":10,"column":10},"end":{"line":14,"column":11}},{"start":{"line":12,"column":17},"end":{"line":14,"column":11}}],"line":10},"1":{"loc":{"start":{"line":34,"column":10},"end":{"line":38,"column":11}},"type":"if","locations":[{"start":{"line":34,"column":10},"end":{"line":38,"column":11}},{"start":{"line":36,"column":17},"end":{"line":38,"column":11}}],"line":34}},"s":{"0":4,"1":0,"2":0,"3":0,"4":0,"5":0,"6":0,"7":0,"8":0,"9":0,"10":0,"11":0,"12":4,"13":0,"14":0,"15":0,"16":0,"17":0,"18":0,"19":0,"20":0,"21":0,"22":0,"23":0},"f":{"0":0,"1":0,"2":0,"3":0,"4":0,"5":0},"b":{"0":[0,0],"1":[0,0]},"_coverageSchema":"1a1c01bbd47fc00a2c39e90264f33305004495a9","hash":"59f7f3d6978da54b4b9a70c12b5ff119b9f50598"}
,"C:\\Users\\Chisom\\Desktop\\replay\\src\\utils\\global_error_handler.js": {"path":"C:\\Users\\Chisom\\Desktop\\replay\\src\\utils\\global_error_handler.js","statementMap":{"0":{"start":{"line":4,"column":27},"end":{"line":14,"column":1}},"1":{"start":{"line":5,"column":2},"end":{"line":5,"column":41}},"2":{"start":{"line":6,"column":2},"end":{"line":6,"column":26}},"3":{"start":{"line":8,"column":2},"end":{"line":13,"column":3}},"4":{"start":{"line":9,"column":4},"end":{"line":9,"column":59}},"5":{"start":{"line":11,"column":4},"end":{"line":11,"column":33}},"6":{"start":{"line":12,"column":4},"end":{"line":12,"column":71}}},"fnMap":{"0":{"name":"(anonymous_0)","decl":{"start":{"line":4,"column":27},"end":{"line":4,"column":28}},"loc":{"start":{"line":4,"column":52},"end":{"line":14,"column":1}},"line":4}},"branchMap":{"0":{"loc":{"start":{"line":5,"column":19},"end":{"line":5,"column":40}},"type":"binary-expr","locations":[{"start":{"line":5,"column":19},"end":{"line":5,"column":33}},{"start":{"line":5,"column":37},"end":{"line":5,"column":40}}],"line":5},"1":{"loc":{"start":{"line":8,"column":2},"end":{"line":13,"column":3}},"type":"if","locations":[{"start":{"line":8,"column":2},"end":{"line":13,"column":3}},{"start":{"line":10,"column":9},"end":{"line":13,"column":3}}],"line":8}},"s":{"0":1,"1":0,"2":0,"3":0,"4":0,"5":0,"6":0},"f":{"0":0},"b":{"0":[0,0],"1":[0,0]},"_coverageSchema":"1a1c01bbd47fc00a2c39e90264f33305004495a9","hash":"e7d0fbc3ad66f8da6aa8c23baecda7f1759432a5"}
,"C:\\Users\\Chisom\\Desktop\\replay\\src\\utils\\jwt_helper.js": {"path":"C:\\Users\\Chisom\\Desktop\\replay\\src\\utils\\jwt_helper.js","statementMap":{"0":{"start":{"line":3,"column":18},"end":{"line":7,"column":1}},"1":{"start":{"line":4,"column":2},"end":{"line":6,"column":5}},"2":{"start":{"line":9,"column":24},"end":{"line":29,"column":1}},"3":{"start":{"line":10,"column":16},"end":{"line":10,"column":34}},"4":{"start":{"line":12,"column":24},"end":{"line":15,"column":3}},"5":{"start":{"line":19,"column":2},"end":{"line":19,"column":28}},"6":{"start":{"line":21,"column":2},"end":{"line":28,"column":5}}},"fnMap":{"0":{"name":"(anonymous_0)","decl":{"start":{"line":3,"column":18},"end":{"line":3,"column":19}},"loc":{"start":{"line":3,"column":26},"end":{"line":7,"column":1}},"line":3},"1":{"name":"(anonymous_1)","decl":{"start":{"line":9,"column":24},"end":{"line":9,"column":25}},"loc":{"start":{"line":9,"column":51},"end":{"line":29,"column":1}},"line":9}},"branchMap":{},"s":{"0":2,"1":0,"2":2,"3":0,"4":0,"5":0,"6":0},"f":{"0":0,"1":0},"b":{},"_coverageSchema":"1a1c01bbd47fc00a2c39e90264f33305004495a9","hash":"4fd64acd3203b5d74051933c0dc4a9534c6577ee"}
,"C:\\Users\\Chisom\\Desktop\\replay\\src\\utils\\qr.js": {"path":"C:\\Users\\Chisom\\Desktop\\replay\\src\\utils\\qr.js","statementMap":{"0":{"start":{"line":4,"column":17},"end":{"line":4,"column":43}},"1":{"start":{"line":5,"column":2},"end":{"line":5,"column":16}}},"fnMap":{"0":{"name":"genQr","decl":{"start":{"line":3,"column":30},"end":{"line":3,"column":35}},"loc":{"start":{"line":3,"column":41},"end":{"line":6,"column":1}},"line":3}},"branchMap":{},"s":{"0":0,"1":0},"f":{"0":0},"b":{},"_coverageSchema":"1a1c01bbd47fc00a2c39e90264f33305004495a9","hash":"0f7f48b521e590583df9c1d3c5effbf21d9992b4"}
,"C:\\Users\\Chisom\\Desktop\\replay\\src\\utils\\response.js": {"path":"C:\\Users\\Chisom\\Desktop\\replay\\src\\utils\\response.js","statementMap":{"0":{"start":{"line":3,"column":4},"end":{"line":7,"column":7}},"1":{"start":{"line":11,"column":4},"end":{"line":15,"column":7}}},"fnMap":{"0":{"name":"successResponse","decl":{"start":{"line":2,"column":16},"end":{"line":2,"column":31}},"loc":{"start":{"line":2,"column":43},"end":{"line":8,"column":1}},"line":2},"1":{"name":"errorResponse","decl":{"start":{"line":10,"column":16},"end":{"line":10,"column":29}},"loc":{"start":{"line":10,"column":56},"end":{"line":16,"column":3}},"line":10}},"branchMap":{},"s":{"0":4,"1":0},"f":{"0":4,"1":0},"b":{},"_coverageSchema":"1a1c01bbd47fc00a2c39e90264f33305004495a9","hash":"b9985ddafc4109ed7396dc1cdcd7b86590326f48"}
}
