TN:
SF:src\config\cloudinary_config.js
FNF:0
FNH:0
DA:4,4
DA:6,4
LF:2
LH:2
BRF:0
BRH:0
end_of_record
TN:
SF:src\config\config.js
FNF:0
FNH:0
DA:5,9
DA:7,9
DA:10,9
DA:31,9
LF:4
LH:4
BRDA:7,0,0,9
BRDA:7,0,1,0
BRDA:12,1,0,0
BRDA:12,1,1,9
BRDA:16,2,0,0
BRDA:16,2,1,9
BRDA:20,3,0,0
BRDA:20,3,1,9
BRDA:24,4,0,0
BRDA:24,4,1,9
BRDA:26,5,0,0
BRDA:26,5,1,9
BRF:12
BRH:6
end_of_record
TN:
SF:src\controller\auth_controller.js
FN:8,(anonymous_0)
FN:38,(anonymous_1)
FNF:2
FNH:2
FNDA:6,(anonymous_0)
FNDA:5,(anonymous_1)
DA:9,6
DA:10,6
DA:11,6
DA:12,1
DA:13,5
DA:14,1
DA:15,4
DA:16,1
DA:17,3
DA:21,2
DA:23,2
DA:25,1
DA:31,1
DA:33,0
DA:34,0
DA:39,5
DA:40,5
DA:41,1
DA:42,4
DA:44,3
DA:45,3
DA:47,3
DA:48,3
DA:50,3
DA:51,2
DA:53,0
DA:54,0
LF:27
LH:23
BRDA:11,0,0,1
BRDA:11,0,1,5
BRDA:13,1,0,1
BRDA:13,1,1,4
BRDA:15,2,0,1
BRDA:15,2,1,3
BRDA:17,3,0,1
BRDA:17,3,1,2
BRDA:23,4,0,1
BRDA:23,4,1,1
BRDA:40,5,0,1
BRDA:40,5,1,4
BRDA:42,6,0,1
BRDA:42,6,1,3
BRDA:47,7,0,1
BRDA:47,7,1,2
BRDA:50,8,0,1
BRDA:50,8,1,2
BRDA:50,9,0,3
BRDA:50,9,1,2
BRF:20
BRH:20
end_of_record
TN:
SF:src\controller\files_controller.js
FN:7,(anonymous_0)
FN:27,(anonymous_1)
FNF:2
FNH:2
FNDA:4,(anonymous_0)
FNDA:3,(anonymous_1)
DA:8,4
DA:9,4
DA:10,4
DA:12,4
DA:13,1
DA:15,3
DA:17,2
DA:18,3
DA:19,2
DA:22,1
DA:24,1
DA:28,3
DA:29,3
DA:31,3
DA:33,2
DA:35,1
DA:37,1
LF:17
LH:17
BRDA:12,0,0,1
BRDA:12,0,1,3
BRDA:15,1,0,1
BRDA:15,1,1,2
BRDA:31,2,0,1
BRDA:31,2,1,2
BRF:6
BRH:6
end_of_record
TN:
SF:src\controller\gallery_controller.js
FN:10,(anonymous_0)
FN:11,generateUniqueCode
FN:49,(anonymous_2)
FN:69,(anonymous_3)
FN:104,(anonymous_4)
FN:128,(anonymous_5)
FN:143,(anonymous_6)
FNF:7
FNH:5
FNDA:1,(anonymous_0)
FNDA:1,generateUniqueCode
FNDA:2,(anonymous_2)
FNDA:2,(anonymous_3)
FNDA:0,(anonymous_4)
FNDA:0,(anonymous_5)
FNDA:2,(anonymous_6)
DA:13,1
DA:14,1
DA:16,1
DA:17,6
DA:18,6
DA:21,1
DA:23,1
DA:24,1
DA:25,1
DA:26,1
DA:28,1
DA:29,0
DA:30,0
DA:32,0
DA:34,0
DA:35,0
DA:37,0
DA:39,0
DA:40,0
DA:42,0
DA:44,0
DA:46,0
DA:50,2
DA:51,2
DA:52,2
DA:54,2
DA:56,2
DA:57,1
DA:64,2
DA:66,0
DA:70,2
DA:71,2
DA:73,2
DA:74,1
DA:76,1
DA:78,1
DA:80,1
DA:88,1
DA:89,0
DA:92,1
DA:93,1
DA:99,1
DA:101,0
DA:105,0
DA:106,0
DA:108,0
DA:109,0
DA:111,0
DA:113,0
DA:114,0
DA:116,0
DA:123,0
DA:125,0
DA:129,0
DA:130,0
DA:131,0
DA:133,0
DA:134,0
DA:136,0
DA:138,0
DA:140,0
DA:144,2
DA:145,2
DA:147,2
DA:148,1
DA:150,1
DA:152,1
DA:154,0
LF:68
LH:35
BRDA:28,0,0,1
BRDA:28,0,1,0
BRDA:29,1,0,0
BRDA:29,1,1,0
BRDA:34,2,0,0
BRDA:34,2,1,0
BRDA:39,3,0,0
BRDA:39,3,1,0
BRDA:73,4,0,1
BRDA:73,4,1,1
BRDA:88,5,0,0
BRDA:88,5,1,1
BRDA:108,6,0,0
BRDA:108,6,1,0
BRDA:113,7,0,0
BRDA:113,7,1,0
BRDA:133,8,0,0
BRDA:133,8,1,0
BRDA:147,9,0,1
BRDA:147,9,1,1
BRF:20
BRH:6
end_of_record
TN:
SF:src\controller\stats_controller.js
FN:8,(anonymous_0)
FNF:1
FNH:0
FNDA:0,(anonymous_0)
DA:9,0
DA:10,0
DA:11,0
DA:13,0
DA:18,0
DA:19,0
DA:21,0
DA:22,0
DA:26,0
DA:28,0
LF:10
LH:0
BRDA:18,0,0,0
BRDA:18,0,1,0
BRF:2
BRH:0
end_of_record
TN:
SF:src\controller\user_controller.js
FN:11,(anonymous_0)
FN:29,(anonymous_1)
FN:35,(anonymous_2)
FN:67,(anonymous_3)
FNF:4
FNH:0
FNDA:0,(anonymous_0)
FNDA:0,(anonymous_1)
FNDA:0,(anonymous_2)
FNDA:0,(anonymous_3)
DA:12,0
DA:13,0
DA:14,0
DA:15,0
DA:16,0
DA:18,0
DA:25,0
DA:30,0
DA:31,0
DA:32,0
DA:33,0
DA:35,0
DA:36,0
DA:37,0
DA:40,0
DA:41,0
DA:45,0
DA:49,0
DA:51,0
DA:53,0
DA:61,0
DA:63,0
DA:68,0
DA:69,0
DA:70,0
DA:71,0
DA:73,0
DA:74,0
DA:76,0
DA:77,0
DA:81,0
DA:84,0
DA:85,0
DA:86,0
DA:91,0
DA:93,0
DA:95,0
LF:37
LH:0
BRDA:14,0,0,0
BRDA:14,0,1,0
BRDA:36,1,0,0
BRDA:36,1,1,0
BRDA:36,2,0,0
BRDA:36,2,1,0
BRDA:41,3,0,0
BRDA:41,3,1,0
BRDA:42,4,0,0
BRDA:42,4,1,0
BRDA:73,5,0,0
BRDA:73,5,1,0
BRDA:76,6,0,0
BRDA:76,6,1,0
BRDA:85,7,0,0
BRDA:85,7,1,0
BRF:16
BRH:0
end_of_record
TN:
SF:src\middlewares\authorization.js
FN:6,(anonymous_0)
FN:29,(anonymous_1)
FNF:2
FNH:0
FNDA:0,(anonymous_0)
FNDA:0,(anonymous_1)
DA:7,0
DA:9,0
DA:13,0
DA:14,0
DA:15,0
DA:17,0
DA:18,0
DA:22,0
DA:23,0
DA:24,0
DA:26,0
DA:30,0
DA:32,0
DA:36,0
DA:37,0
DA:38,0
DA:41,0
DA:43,0
DA:44,0
DA:46,0
LF:20
LH:0
BRDA:9,0,0,0
BRDA:9,0,1,0
BRDA:10,1,0,0
BRDA:10,1,1,0
BRDA:14,2,0,0
BRDA:14,2,1,0
BRDA:17,3,0,0
BRDA:17,3,1,0
BRDA:32,4,0,0
BRDA:32,4,1,0
BRDA:33,5,0,0
BRDA:33,5,1,0
BRDA:37,6,0,0
BRDA:37,6,1,0
BRF:14
BRH:0
end_of_record
TN:
SF:src\middlewares\multer.js
FN:8,(anonymous_0)
FNF:1
FNH:0
FNDA:0,(anonymous_0)
DA:4,1
DA:6,1
DA:9,0
DA:11,0
DA:12,0
DA:15,0
LF:6
LH:2
BRDA:11,0,0,0
BRDA:11,0,1,0
BRDA:11,1,0,0
BRDA:11,1,1,0
BRDA:11,1,2,0
BRF:5
BRH:0
end_of_record
TN:
SF:src\models\file_model.js
FNF:0
FNH:0
DA:6,4
LF:1
LH:1
BRF:0
BRH:0
end_of_record
TN:
SF:src\models\gallery_model.js
FNF:0
FNH:0
DA:6,6
LF:1
LH:1
BRF:0
BRH:0
end_of_record
TN:
SF:src\models\user_model.js
FN:50,(anonymous_0)
FN:56,(anonymous_1)
FNF:2
FNH:0
FNDA:0,(anonymous_0)
FNDA:0,(anonymous_1)
DA:7,3
DA:51,0
DA:52,0
DA:53,0
DA:57,0
DA:58,0
DA:59,0
LF:7
LH:1
BRDA:51,0,0,0
BRDA:51,0,1,0
BRDA:57,1,0,0
BRDA:57,1,1,0
BRF:4
BRH:0
end_of_record
TN:
SF:src\routes\auth_routes.js
FNF:0
FNH:0
DA:5,1
DA:7,1
DA:8,1
LF:3
LH:3
BRF:0
BRH:0
end_of_record
TN:
SF:src\routes\file_routes.js
FNF:0
FNH:0
DA:5,1
DA:7,1
DA:12,1
LF:3
LH:3
BRF:0
BRH:0
end_of_record
TN:
SF:src\routes\gallery_routes.js
FNF:0
FNH:0
DA:4,1
DA:6,1
DA:7,1
DA:8,1
DA:9,1
DA:10,1
DA:11,1
LF:7
LH:7
BRF:0
BRH:0
end_of_record
TN:
SF:src\routes\index.js
FNF:0
FNH:0
DA:9,1
DA:11,1
DA:12,1
DA:13,1
DA:14,1
DA:15,1
LF:6
LH:6
BRF:0
BRH:0
end_of_record
TN:
SF:src\routes\stats_routes.js
FNF:0
FNH:0
DA:4,1
DA:6,1
LF:2
LH:2
BRF:0
BRH:0
end_of_record
TN:
SF:src\routes\user_routes.js
FNF:0
FNH:0
DA:5,1
DA:7,1
DA:8,1
DA:9,1
LF:4
LH:4
BRF:0
BRH:0
end_of_record
TN:
SF:src\services\files_service.js
FN:5,(anonymous_0)
FN:19,(anonymous_1)
FN:36,(anonymous_2)
FNF:3
FNH:3
FNDA:3,(anonymous_0)
FNDA:3,(anonymous_1)
FNDA:2,(anonymous_2)
DA:6,3
DA:7,3
DA:8,3
DA:10,2
DA:11,1
DA:12,1
DA:13,1
DA:15,2
DA:20,3
DA:21,3
DA:22,3
DA:24,2
DA:25,2
DA:27,1
DA:28,1
DA:29,1
DA:30,1
DA:32,2
DA:37,2
DA:38,2
DA:39,2
DA:41,0
LF:22
LH:21
BRDA:8,0,0,1
BRDA:8,0,1,2
BRDA:22,1,0,1
BRDA:22,1,1,2
BRDA:25,2,0,1
BRDA:25,2,1,1
BRF:6
BRH:6
end_of_record
TN:
SF:src\services\gallery_service.js
FN:4,(anonymous_0)
FN:18,(anonymous_1)
FN:31,(anonymous_2)
FN:40,(anonymous_3)
FN:58,(anonymous_4)
FNF:5
FNH:5
FNDA:2,(anonymous_0)
FNDA:2,(anonymous_1)
FNDA:2,(anonymous_2)
FNDA:2,(anonymous_3)
FNDA:2,(anonymous_4)
DA:5,2
DA:6,2
DA:12,1
DA:14,1
DA:19,2
DA:20,2
DA:25,2
DA:27,0
DA:32,2
DA:33,2
DA:34,2
DA:36,0
DA:41,2
DA:42,2
DA:44,2
DA:45,1
DA:48,1
DA:49,1
DA:51,1
DA:52,1
DA:54,1
DA:59,2
DA:60,2
DA:62,2
DA:63,1
DA:66,1
DA:67,1
DA:69,1
LF:28
LH:26
BRDA:44,0,0,1
BRDA:44,0,1,1
BRDA:48,1,0,1
BRDA:48,1,1,0
BRDA:49,2,0,1
BRDA:49,2,1,0
BRDA:62,3,0,1
BRDA:62,3,1,1
BRF:8
BRH:6
end_of_record
TN:
SF:src\services\user_service.js
FN:4,(anonymous_0)
FN:21,(anonymous_1)
FN:34,(anonymous_2)
FN:43,(anonymous_3)
FN:60,(anonymous_4)
FNF:5
FNH:5
FNDA:2,(anonymous_0)
FNDA:2,(anonymous_1)
FNDA:2,(anonymous_2)
FNDA:2,(anonymous_3)
FNDA:2,(anonymous_4)
DA:5,2
DA:6,2
DA:14,1
DA:16,1
DA:17,1
DA:22,2
DA:23,2
DA:28,2
DA:30,0
DA:35,2
DA:36,2
DA:37,2
DA:39,0
DA:44,2
DA:45,2
DA:47,2
DA:48,1
DA:49,1
DA:50,1
DA:52,1
DA:54,1
DA:56,1
DA:61,2
DA:62,2
DA:64,2
DA:66,1
DA:68,1
DA:70,1
LF:28
LH:26
BRF:0
BRH:0
end_of_record
TN:
SF:src\utils\app_error.js
FN:6,(anonymous_0)
FNF:1
FNH:1
FNDA:30,(anonymous_0)
DA:7,30
DA:9,30
DA:10,30
DA:11,30
DA:13,30
LF:5
LH:5
BRF:0
BRH:0
end_of_record
TN:
SF:src\utils\cloudinary_upload.js
FN:4,(anonymous_0)
FN:6,(anonymous_1)
FN:9,(anonymous_2)
FN:28,(anonymous_3)
FN:30,(anonymous_4)
FN:33,(anonymous_5)
FNF:6
FNH:0
FNDA:0,(anonymous_0)
FNDA:0,(anonymous_1)
FNDA:0,(anonymous_2)
FNDA:0,(anonymous_3)
FNDA:0,(anonymous_4)
FNDA:0,(anonymous_5)
DA:4,4
DA:5,0
DA:6,0
DA:7,0
DA:10,0
DA:11,0
DA:13,0
DA:18,0
DA:19,0
DA:20,0
DA:21,0
DA:24,0
DA:28,4
DA:29,0
DA:30,0
DA:31,0
DA:34,0
DA:35,0
DA:37,0
DA:42,0
DA:43,0
DA:44,0
DA:45,0
DA:48,0
LF:24
LH:2
BRDA:10,0,0,0
BRDA:10,0,1,0
BRDA:34,1,0,0
BRDA:34,1,1,0
BRF:4
BRH:0
end_of_record
TN:
SF:src\utils\global_error_handler.js
FN:4,(anonymous_0)
FNF:1
FNH:0
FNDA:0,(anonymous_0)
DA:4,1
DA:5,0
DA:6,0
DA:8,0
DA:9,0
DA:11,0
DA:12,0
LF:7
LH:1
BRDA:5,0,0,0
BRDA:5,0,1,0
BRDA:8,1,0,0
BRDA:8,1,1,0
BRF:4
BRH:0
end_of_record
TN:
SF:src\utils\jwt_helper.js
FN:3,(anonymous_0)
FN:9,(anonymous_1)
FNF:2
FNH:0
FNDA:0,(anonymous_0)
FNDA:0,(anonymous_1)
DA:3,2
DA:4,0
DA:9,2
DA:10,0
DA:12,0
DA:19,0
DA:21,0
LF:7
LH:2
BRF:0
BRH:0
end_of_record
TN:
SF:src\utils\qr.js
FN:3,genQr
FNF:1
FNH:0
FNDA:0,genQr
DA:4,0
DA:5,0
LF:2
LH:0
BRF:0
BRH:0
end_of_record
TN:
SF:src\utils\response.js
FN:2,successResponse
FN:10,errorResponse
FNF:2
FNH:1
FNDA:4,successResponse
FNDA:0,errorResponse
DA:3,4
DA:11,0
LF:2
LH:1
BRF:0
BRH:0
end_of_record
